<?xml version="1.0" encoding="UTF-8"?>
<!-- Generated by org.testng.reporters.JUnitReportReporter -->
<testsuite hostname="HOPE" failures="0" tests="2" name="Testcase.Testcase" time="7.927" errors="0" timestamp="2025-02-07T20:50:59 IST" skipped="0">
  <testcase classname="Testcase.Testcase" name="logout" time="0.752"/>
  <testcase classname="Testcase.Testcase" name="login" time="7.175"/>
</testsuite> <!-- Testcase.Testcase -->
